<?xml version="1.0" encoding="UTF-8"?>
<!-- Generated by org.testng.reporters.JUnitReportReporter -->
<testsuite hostname="Lainpuma0348" name="com.sntps.acdc.get.EnrichArticleGet" tests="1" failures="0" timestamp="24 Dec 2018 11:26:08 GMT" time="3.824" errors="0">
  <testcase name="concatenatingAndPrintingEnrichArticlesRoutes" time="3.824" classname="com.sntps.acdc.get.EnrichArticleGet"/>
</testsuite> <!-- com.sntps.acdc.get.EnrichArticleGet -->
