<?xml version="1.0" encoding="UTF-8"?>
<!-- Generated by org.testng.reporters.JUnitReportReporter -->
<testsuite hostname="Lainpuma0348" name="com.sntps.acdc.get.PackageServiceGetCalls" tests="1" failures="0" timestamp="21 Dec 2018 06:34:09 GMT" time="31.066" errors="0">
  <testcase name="testNew" time="31.066" classname="com.sntps.acdc.get.PackageServiceGetCalls"/>
</testsuite> <!-- com.sntps.acdc.get.PackageServiceGetCalls -->
