<?xml version="1.0" encoding="UTF-8"?>
<!-- Generated by org.testng.reporters.JUnitReportReporter -->
<testsuite hostname="Lainpuma0348" name="com.sntps.acdc.post.XMLTest" tests="1" failures="0" timestamp="5 Feb 2019 10:15:06 GMT" time="1.524" errors="0">
  <testcase name="xmlTransformationRequest" time="1.524" classname="com.sntps.acdc.post.XMLTest"/>
</testsuite> <!-- com.sntps.acdc.post.XMLTest -->
