<?xml version="1.0" encoding="UTF-8"?>
<!-- Generated by org.testng.reporters.JUnitReportReporter -->
<testsuite hostname="Lainpuma0348" name="com.sntps.acdc.post.TestProperties" tests="1" failures="0" timestamp="22 Jan 2019 11:02:34 GMT" time="0.026" errors="0">
  <testcase name="test" time="0.026" classname="com.sntps.acdc.post.TestProperties"/>
</testsuite> <!-- com.sntps.acdc.post.TestProperties -->
